<?xml version="1.0" encoding="UTF-8"?>
<!-- Generated by org.testng.reporters.JUnitReportReporter -->
<testsuite hostname="DESKTOP-JB2312J" failures="0" tests="3" name="com.datadrivenframework.testcases.DummyTestC" time="0.141" errors="0" timestamp="11 Mar 2018 12:44:50 GMT" skipped="1">
  <testcase classname="com.datadrivenframework.testcases.DummyTestC" name="TestC" time="0.048">
    <skipped/>
  </testcase> <!-- TestC -->
  <testcase classname="com.datadrivenframework.testcases.DummyTestC" name="TestC" time="0.047"/>
  <testcase classname="com.datadrivenframework.testcases.DummyTestC" name="TestC" time="0.046"/>
</testsuite> <!-- com.datadrivenframework.testcases.DummyTestC -->
