<?xml version="1.0" encoding="UTF-8"?>
<!-- Generated by org.testng.reporters.JUnitReportReporter -->
<testsuite hostname="DESKTOP-JB2312J" failures="0" tests="2" name="ReadingData" time="0.014" errors="0" timestamp="11 Mar 2018 06:47:12 GMT" skipped="0">
  <testcase classname="ReadingData" name="TestB" time="0.012"/>
  <testcase classname="ReadingData" name="TestB" time="0.002"/>
</testsuite> <!-- ReadingData -->
