<?xml version="1.0" encoding="UTF-8"?>
<!-- Generated by org.testng.reporters.JUnitReportReporter -->
<testsuite hostname="DESKTOP-JB2312J" failures="0" tests="2" name="com.datadrivenframework.testcases.DummyTestB" time="19.421" errors="0" timestamp="11 Mar 2018 12:44:50 GMT" skipped="1">
  <testcase classname="com.datadrivenframework.testcases.DummyTestB" name="TestB" time="19.359"/>
  <testcase classname="com.datadrivenframework.testcases.DummyTestB" name="TestB" time="0.062">
    <skipped/>
  </testcase> <!-- TestB -->
</testsuite> <!-- com.datadrivenframework.testcases.DummyTestB -->
