<?xml version="1.0" encoding="UTF-8"?>
<!-- Generated by org.testng.reporters.JUnitReportReporter -->
<testsuite hostname="DESKTOP-JB2312J" failures="0" tests="4" name="com.datadrivenframework.testcases.TableValidation" time="1.326" errors="0" timestamp="23 Mar 2018 14:08:14 GMT" skipped="0">
  <testcase classname="com.datadrivenframework.testcases.TableValidation" name="tablevalidation" time="0.109"/>
  <testcase classname="com.datadrivenframework.testcases.TableValidation" name="tablevalidation" time="0.131"/>
  <testcase classname="com.datadrivenframework.testcases.TableValidation" name="tablevalidation" time="0.089"/>
  <testcase classname="com.datadrivenframework.testcases.TableValidation" name="tablevalidation" time="0.997"/>
</testsuite> <!-- com.datadrivenframework.testcases.TableValidation -->
