<?xml version="1.0" encoding="UTF-8"?>
<!-- Generated by org.testng.reporters.JUnitReportReporter -->
<testsuite hostname="DESKTOP-JB2312J" failures="0" tests="4" name="com.datadrivenframework.testcases.TableValidation" time="1.058" errors="0" timestamp="23 Mar 2018 16:12:59 GMT" skipped="0">
  <testcase classname="com.datadrivenframework.testcases.TableValidation" name="tablevalidation" time="0.113"/>
  <testcase classname="com.datadrivenframework.testcases.TableValidation" name="tablevalidation" time="0.087"/>
  <testcase classname="com.datadrivenframework.testcases.TableValidation" name="tablevalidation" time="0.100"/>
  <testcase classname="com.datadrivenframework.testcases.TableValidation" name="tablevalidation" time="0.758"/>
</testsuite> <!-- com.datadrivenframework.testcases.TableValidation -->
