<?xml version="1.0" encoding="UTF-8"?>
<!-- Generated by org.testng.reporters.JUnitReportReporter -->
<testsuite hostname="DESKTOP-JB2312J" failures="0" tests="3" name="com.datadrivenframework.testcases.DummyTestA" time="0.604" errors="0" timestamp="11 Mar 2018 12:44:50 GMT" skipped="0">
  <testcase classname="com.datadrivenframework.testcases.DummyTestA" name="TestA1" time="0.082"/>
  <testcase classname="com.datadrivenframework.testcases.DummyTestA" name="TestA2" time="0.461"/>
  <testcase classname="com.datadrivenframework.testcases.DummyTestA" name="TestA3" time="0.061"/>
</testsuite> <!-- com.datadrivenframework.testcases.DummyTestA -->
