<?xml version="1.0" encoding="UTF-8"?>
<!-- Generated by org.testng.reporters.JUnitReportReporter -->
<testsuite hostname="DESKTOP-JB2312J" failures="0" tests="1" name="sql" time="1.279" errors="0" timestamp="13 Mar 2018 11:49:34 GMT" skipped="0">
  <testcase classname="sql" name="database" time="1.279"/>
</testsuite> <!-- sql -->
